<?xml version="1.0" encoding="UTF-8"?>
<!-- Generated by org.testng.reporters.JUnitReportReporter -->
<testsuite hostname="LAPTOP-BT2157RM" failures="0" tests="1" name="Test_NG.demotest_5" time="25.330" errors="0" timestamp="2022-08-17T21:19:43 IST" skipped="0">
  <testcase classname="Test_NG.demotest_5" name="test_2" time="25.330"/>
  <system-out/>
</testsuite> <!-- Test_NG.demotest_5 -->
