<?xml version="1.0" encoding="UTF-8"?>
<!-- Generated by org.testng.reporters.JUnitReportReporter -->
<testsuite hostname="LAPTOP-BT2157RM" failures="0" tests="7" name="Test_NG.apptest2" time="0.037" errors="0" timestamp="2022-08-13T21:04:07 IST" skipped="0">
  <testcase classname="Test_NG.apptest2" name="V" time="0.023"/>
  <system-out/>
  <testcase classname="Test_NG.apptest2" name="Y" time="0.003"/>
  <system-out/>
  <testcase classname="Test_NG.apptest2" name="X" time="0.002"/>
  <system-out/>
  <testcase classname="Test_NG.apptest2" name="Z" time="0.002"/>
  <system-out/>
  <testcase classname="Test_NG.apptest2" name="Z" time="0.003"/>
  <system-out/>
  <testcase classname="Test_NG.apptest2" name="Z" time="0.002"/>
  <system-out/>
  <testcase classname="Test_NG.apptest2" name="S" time="0.002"/>
  <system-out/>
</testsuite> <!-- Test_NG.apptest2 -->
