<?xml version="1.0" encoding="UTF-8"?>
<!-- Generated by org.testng.reporters.JUnitReportReporter -->
<testsuite hostname="LAPTOP-BT2157RM" failures="0" tests="1" name="Test_NG.group_demo_test" time="0.023" errors="0" timestamp="2022-08-14T18:59:11 IST" skipped="0">
  <testcase classname="Test_NG.group_demo_test" name="f_test6" time="0.023"/>
  <system-out/>
</testsuite> <!-- Test_NG.group_demo_test -->
