<?xml version="1.0" encoding="UTF-8"?>
<!-- Generated by org.testng.reporters.JUnitReportReporter -->
<testsuite hostname="LAPTOP-BT2157RM" failures="0" tests="4" name="test24.mytest3" time="0.028" errors="0" timestamp="2022-08-13T19:59:13 IST" skipped="0">
  <testcase classname="test24.mytest3" name="test_tc_003" time="0.020"/>
  <system-out/>
  <testcase classname="test24.mytest3" name="test_tc_005" time="0.003"/>
  <system-out/>
  <testcase classname="test24.mytest3" name="test_tc_004" time="0.003"/>
  <system-out/>
  <testcase classname="test24.mytest3" name="test_tc_006" time="0.002"/>
  <system-out/>
</testsuite> <!-- test24.mytest3 -->
