<?xml version="1.0" encoding="UTF-8"?>
<!-- Generated by org.testng.reporters.JUnitReportReporter -->
<testsuite hostname="LAPTOP-BT2157RM" failures="0" tests="1" name="test24.mytest4" time="0.021" errors="0" timestamp="2022-08-13T20:00:45 IST" skipped="0">
  <testcase classname="test24.mytest4" name="system_A" time="0.021"/>
  <system-out/>
</testsuite> <!-- test24.mytest4 -->
